<?xml version="1.0" encoding="utf-8"?><testsuites name="pytest tests"><testsuite name="pytest" errors="0" failures="0" skipped="0" tests="34" time="6.788" timestamp="2026-07-22T05:40:22.438367+00:00" hostname="agent-env-e248790b-a47d-48e4-a092-e8f2b3fec445"><testcase classname="tests.test_watcher" name="test_watcher_startup_logs_eth_success_and_bnb_polygon_403" time="0.003" /><testcase classname="tests.backend_test" name="test_config_coins_and_assets" time="0.457" /><testcase classname="tests.test_watcher" name="test_wallet_deposits_requires_auth" time="0.453" /><testcase classname="tests.test_watcher" name="test_wallet_deposits_empty_for_new_user" time="0.420" /><testcase classname="tests.backend_test" name="test_config_networks_list" time="0.323" /><testcase classname="tests.test_watcher" name="test_classify_external_eth_native" time="0.000" /><testcase classname="tests.test_watcher" name="test_classify_external_bnb_native" time="0.000" /><testcase classname="tests.test_watcher" name="test_classify_external_polygon_native" time="0.000" /><testcase classname="tests.test_watcher" name="test_classify_erc20_usdc_eth" time="0.000" /><testcase classname="tests.test_watcher" name="test_classify_erc20_usdt_eth" time="0.000" /><testcase classname="tests.test_watcher" name="test_classify_erc20_usdt_bnb" time="0.000" /><testcase classname="tests.test_watcher" name="test_classify_erc20_usdc_polygon" time="0.000" /><testcase classname="tests.test_watcher" name="test_classify_erc20_usdt_polygon" time="0.000" /><testcase classname="tests.test_watcher" name="test_classify_wrong_contract_for_chain_returns_none" time="0.000" /><testcase classname="tests.test_watcher" name="test_classify_unknown_contract" time="0.000" /><testcase classname="tests.test_watcher" name="test_classify_zero_and_missing_value" time="0.000" /><testcase classname="tests.test_watcher" name="test_classify_case_insensitive_contract" time="0.000" /><testcase classname="tests.test_watcher" name="test_credit_deposit_usdt_multi_chain_and_idempotency" time="0.011" /><testcase classname="tests.test_watcher" name="test_wallet_deposits_returns_asset_and_chain" time="0.776" /><testcase classname="tests.backend_test" name="test_register_returns_zero_balances" time="0.378" /><testcase classname="tests.backend_test" name="test_login_ok_and_wrong_password" time="0.829" /><testcase classname="tests.backend_test" name="test_me_requires_auth" time="0.184" /><testcase classname="tests.backend_test" name="test_wallet_addresses_requires_auth" time="0.092" /><testcase classname="tests.backend_test" name="test_wallet_addresses_shape_and_formats" time="0.098" /><testcase classname="tests.backend_test" name="test_wallet_addresses_deterministic" time="0.185" /><testcase classname="tests.backend_test" name="test_two_users_have_different_addresses" time="0.511" /><testcase classname="tests.backend_test" name="test_faucet_returns_400" time="0.090" /><testcase classname="tests.backend_test" name="test_dice_roll_insufficient_balance" time="0.104" /><testcase classname="tests.backend_test" name="test_dice_roll_invalid_coin" time="0.102" /><testcase classname="tests.backend_test" name="test_dice_roll_and_provably_fair_determinism" time="0.296" /><testcase classname="tests.backend_test" name="test_bets_endpoints" time="0.283" /><testcase classname="tests.backend_test" name="test_bets_mine_requires_auth" time="0.093" /><testcase classname="tests.backend_test" name="test_seeds_rotate" time="0.096" /><testcase classname="tests.backend_test" name="test_chat_flow" time="1.194" /></testsuite></testsuites>