<?xml version="1.0" encoding="utf-8"?><testsuites name="pytest tests"><testsuite name="pytest" errors="0" failures="0" skipped="0" tests="28" time="7.201" timestamp="2026-07-21T18:19:03.065680+00:00" hostname="agent-env-e248790b-a47d-48e4-a092-e8f2b3fec445"><testcase classname="tests.backend_test" name="test_config_has_new_coin_list_and_specs" time="0.340" /><testcase classname="tests.test_watcher" name="test_config_wired_eth_usdc_only" time="0.269" /><testcase classname="tests.test_watcher" name="test_watcher_log_lines_present" time="0.002" /><testcase classname="tests.test_watcher" name="test_wallet_deposits_requires_auth" time="0.107" /><testcase classname="tests.test_watcher" name="test_wallet_deposits_empty_for_new_user" time="0.614" /><testcase classname="tests.backend_test" name="test_register_returns_zero_balances_and_wallet_index" time="0.644" /><testcase classname="tests.backend_test" name="test_two_registrations_get_consecutive_wallet_indices" time="1.085" /><testcase classname="tests.test_watcher" name="test_classify_external_eth" time="0.000" /><testcase classname="tests.test_watcher" name="test_classify_erc20_usdc" time="0.000" /><testcase classname="tests.test_watcher" name="test_classify_erc20_usdc_case_insensitive" time="0.000" /><testcase classname="tests.test_watcher" name="test_classify_erc20_unknown_contract_returns_none" time="0.000" /><testcase classname="tests.test_watcher" name="test_classify_zero_value_returns_none" time="0.000" /><testcase classname="tests.test_watcher" name="test_classify_missing_value_returns_none" time="0.000" /><testcase classname="tests.test_watcher" name="test_credit_deposit_idempotent_eth_and_usdc" time="0.050" /><testcase classname="tests.backend_test" name="test_login_ok_and_wrong_password" time="0.706" /><testcase classname="tests.backend_test" name="test_me_requires_auth" time="0.283" /><testcase classname="tests.backend_test" name="test_wallet_addresses_requires_auth" time="0.109" /><testcase classname="tests.backend_test" name="test_wallet_addresses_shape_and_formats" time="0.145" /><testcase classname="tests.backend_test" name="test_wallet_addresses_deterministic" time="0.241" /><testcase classname="tests.backend_test" name="test_two_users_have_different_addresses" time="0.583" /><testcase classname="tests.backend_test" name="test_faucet_returns_400_with_deposit_message" time="0.105" /><testcase classname="tests.backend_test" name="test_dice_roll_insufficient_balance" time="0.150" /><testcase classname="tests.backend_test" name="test_dice_roll_invalid_coin" time="0.121" /><testcase classname="tests.backend_test" name="test_dice_roll_after_manual_credit_and_prov_fair_determinism" time="0.345" /><testcase classname="tests.backend_test" name="test_bets_endpoints" time="0.463" /><testcase classname="tests.backend_test" name="test_bets_mine_requires_auth" time="0.177" /><testcase classname="tests.backend_test" name="test_seeds_rotate" time="0.112" /><testcase classname="tests.backend_test" name="test_chat_flow" time="0.238" /></testsuite></testsuites>